{"/Users/pendletonjones/Desktop/stuff/side_projects/zorigami/src/zorigami_types.ts": {"path":"/Users/pendletonjones/Desktop/stuff/side_projects/zorigami/src/zorigami_types.ts","statementMap":{"0":{"start":{"line":41,"column":4},"end":{"line":42,"column":1}},"1":{"start":{"line":44,"column":4},"end":{"line":45,"column":1}},"2":{"start":{"line":47,"column":1},"end":{"line":null,"column":-1}}},"fnMap":{"0":{"name":"isMessagePort","decl":{"start":{"line":40,"column":6},"end":{"line":40,"column":5}},"loc":{"start":{"line":40,"column":64},"end":{"line":43,"column":6}}},"1":{"name":"isCustomPort","decl":{"start":{"line":43,"column":6},"end":{"line":43,"column":5}},"loc":{"start":{"line":43,"column":69},"end":{"line":46,"column":6}}},"2":{"name":"isPromisedPostMessage","decl":{"start":{"line":46,"column":6},"end":{"line":46,"column":5}},"loc":{"start":{"line":46,"column":80},"end":{"line":48,"column":1}}}},"branchMap":{},"s":{"0":0,"1":0,"2":0},"f":{"0":0,"1":0,"2":0},"b":{}}
,"/Users/pendletonjones/Desktop/stuff/side_projects/zorigami/src/worker_api/dispatch_message.ts": {"path":"/Users/pendletonjones/Desktop/stuff/side_projects/zorigami/src/worker_api/dispatch_message.ts","statementMap":{"0":{"start":{"line":2,"column":0},"end":{"line":null,"column":-1}},"1":{"start":{"line":10,"column":0},"end":{"line":null,"column":-1}},"2":{"start":{"line":12,"column":0},"end":{"line":null,"column":-1}},"3":{"start":{"line":32,"column":41},"end":{"line":32,"column":0}},"4":{"start":{"line":33,"column":4},"end":{"line":34,"column":4}},"5":{"start":{"line":34,"column":4},"end":{"line":35,"column":1}},"6":{"start":{"line":37,"column":45},"end":{"line":37,"column":0}},"7":{"start":{"line":40,"column":29},"end":{"line":40,"column":1}},"8":{"start":{"line":41,"column":56},"end":{"line":41,"column":4}},"9":{"start":{"line":42,"column":4},"end":{"line":79,"column":5}},"10":{"start":{"line":44,"column":42},"end":{"line":44,"column":8}},"11":{"start":{"line":45,"column":33},"end":{"line":45,"column":8}},"12":{"start":{"line":47,"column":8},"end":{"line":59,"column":9}},"13":{"start":{"line":48,"column":12},"end":{"line":54,"column":13}},"14":{"start":{"line":49,"column":16},"end":{"line":null,"column":-1}},"15":{"start":{"line":50,"column":16},"end":{"line":null,"column":-1}},"16":{"start":{"line":52,"column":16},"end":{"line":null,"column":-1}},"17":{"start":{"line":53,"column":16},"end":{"line":null,"column":-1}},"18":{"start":{"line":56,"column":12},"end":{"line":null,"column":-1}},"19":{"start":{"line":58,"column":12},"end":{"line":null,"column":-1}},"20":{"start":{"line":67,"column":42},"end":{"line":67,"column":8}},"21":{"start":{"line":67,"column":48},"end":{"line":67,"column":57}},"22":{"start":{"line":68,"column":8},"end":{"line":78,"column":9}},"23":{"start":{"line":69,"column":12},"end":{"line":null,"column":-1}},"24":{"start":{"line":71,"column":12},"end":{"line":null,"column":-1}},"25":{"start":{"line":72,"column":12},"end":{"line":null,"column":-1}}},"fnMap":{"0":{"name":"(anonymous_1)","decl":{"start":{"line":32,"column":41},"end":{"line":32,"column":41}},"loc":{"start":{"line":32,"column":88},"end":{"line":32,"column":0}}},"1":{"name":"dispatchMessage","decl":{"start":{"line":39,"column":14},"end":{"line":39,"column":13}},"loc":{"start":{"line":39,"column":59},"end":{"line":80,"column":1}}},"2":{"name":"(anonymous_3)","decl":{"start":{"line":67,"column":42},"end":{"line":67,"column":41}},"loc":{"start":{"line":67,"column":42},"end":{"line":67,"column":8}}}},"branchMap":{"0":{"loc":{"start":{"line":40,"column":29},"end":{"line":40,"column":28}},"type":"binary-expr","locations":[{"start":{"line":40,"column":29},"end":{"line":40,"column":28}},{"start":{"line":40,"column":55},"end":{"line":40,"column":1}}]},"1":{"loc":{"start":{"line":42,"column":4},"end":{"line":79,"column":5}},"type":"if","locations":[{"start":{"line":42,"column":4},"end":{"line":79,"column":5}},{"start":{"line":42,"column":4},"end":{"line":79,"column":5}}]},"2":{"loc":{"start":{"line":48,"column":12},"end":{"line":54,"column":13}},"type":"if","locations":[{"start":{"line":48,"column":12},"end":{"line":54,"column":13}},{"start":{"line":48,"column":12},"end":{"line":54,"column":13}}]}},"s":{"0":0,"1":0,"2":0,"3":0,"4":0,"5":0,"6":0,"7":0,"8":0,"9":0,"10":0,"11":0,"12":0,"13":0,"14":0,"15":0,"16":0,"17":0,"18":0,"19":0,"20":0,"21":0,"22":0,"23":0,"24":0,"25":0},"f":{"0":0,"1":0,"2":0},"b":{"0":[0,0],"1":[0,0],"2":[0,0]}}
,"/Users/pendletonjones/Desktop/stuff/side_projects/zorigami/src/worker_api/provide_sibling_ports.ts": {"path":"/Users/pendletonjones/Desktop/stuff/side_projects/zorigami/src/worker_api/provide_sibling_ports.ts","statementMap":{"0":{"start":{"line":1,"column":0},"end":{"line":null,"column":-1}},"1":{"start":{"line":2,"column":0},"end":{"line":null,"column":-1}},"2":{"start":{"line":3,"column":0},"end":{"line":null,"column":-1}},"3":{"start":{"line":4,"column":0},"end":{"line":null,"column":-1}},"4":{"start":{"line":6,"column":0},"end":{"line":null,"column":-1}},"5":{"start":{"line":15,"column":15},"end":{"line":15,"column":0}},"6":{"start":{"line":17,"column":0},"end":{"line":17,"column":-1}},"7":{"start":{"line":29,"column":1},"end":{"line":29,"column":0}},"8":{"start":{"line":38,"column":8},"end":{"line":null,"column":-1}},"9":{"start":{"line":39,"column":2},"end":{"line":null,"column":-1}},"10":{"start":{"line":40,"column":2},"end":{"line":null,"column":-1}},"11":{"start":{"line":41,"column":2},"end":{"line":null,"column":-1}},"12":{"start":{"line":44,"column":8},"end":{"line":null,"column":-1}},"13":{"start":{"line":45,"column":2},"end":{"line":null,"column":-1}},"14":{"start":{"line":48,"column":8},"end":{"line":null,"column":-1}},"15":{"start":{"line":49,"column":5},"end":{"line":null,"column":-1}},"16":{"start":{"line":52,"column":8},"end":{"line":null,"column":-1}},"17":{"start":{"line":53,"column":2},"end":{"line":null,"column":-1}},"18":{"start":{"line":54,"column":35},"end":{"line":54,"column":2}},"19":{"start":{"line":55,"column":2},"end":{"line":null,"column":-1}},"20":{"start":{"line":56,"column":2},"end":{"line":null,"column":-1}},"21":{"start":{"line":57,"column":2},"end":{"line":null,"column":-1}},"22":{"start":{"line":58,"column":5},"end":{"line":null,"column":-1}},"23":{"start":{"line":59,"column":2},"end":{"line":null,"column":-1}},"24":{"start":{"line":60,"column":5},"end":{"line":null,"column":-1}},"25":{"start":{"line":63,"column":8},"end":{"line":null,"column":-1}},"26":{"start":{"line":64,"column":2},"end":{"line":null,"column":-1}},"27":{"start":{"line":65,"column":2},"end":{"line":null,"column":-1}},"28":{"start":{"line":68,"column":8},"end":{"line":null,"column":-1}},"29":{"start":{"line":69,"column":2},"end":{"line":null,"column":-1}},"30":{"start":{"line":72,"column":8},"end":{"line":null,"column":-1}},"31":{"start":{"line":73,"column":30},"end":{"line":73,"column":2}},"32":{"start":{"line":74,"column":31},"end":{"line":74,"column":3}},"33":{"start":{"line":75,"column":3},"end":{"line":null,"column":-1}},"34":{"start":{"line":76,"column":3},"end":{"line":null,"column":-1}},"35":{"start":{"line":79,"column":2},"end":{"line":null,"column":-1}},"36":{"start":{"line":80,"column":5},"end":{"line":null,"column":-1}},"37":{"start":{"line":81,"column":5},"end":{"line":null,"column":-1}},"38":{"start":{"line":82,"column":5},"end":{"line":null,"column":-1}},"39":{"start":{"line":85,"column":8},"end":{"line":null,"column":-1}},"40":{"start":{"line":86,"column":22},"end":{"line":86,"column":2}},"41":{"start":{"line":87,"column":2},"end":{"line":null,"column":-1}},"42":{"start":{"line":88,"column":2},"end":{"line":null,"column":-1}},"43":{"start":{"line":91,"column":8},"end":{"line":null,"column":-1}},"44":{"start":{"line":92,"column":2},"end":{"line":null,"column":-1}},"45":{"start":{"line":95,"column":9},"end":{"line":null,"column":-1}},"46":{"start":{"line":96,"column":43},"end":{"line":96,"column":2}},"47":{"start":{"line":98,"column":49},"end":{"line":98,"column":3}},"48":{"start":{"line":99,"column":3},"end":{"line":106,"column":4}},"49":{"start":{"line":100,"column":4},"end":{"line":null,"column":-1}},"50":{"start":{"line":105,"column":4},"end":{"line":null,"column":-1}},"51":{"start":{"line":108,"column":2},"end":{"line":null,"column":-1}},"52":{"start":{"line":30,"column":2},"end":{"line":null,"column":-1}},"53":{"start":{"line":31,"column":2},"end":{"line":null,"column":-1}},"54":{"start":{"line":32,"column":2},"end":{"line":null,"column":-1}},"55":{"start":{"line":110,"column":0},"end":{"line":null,"column":-1}},"56":{"start":{"line":112,"column":44},"end":{"line":112,"column":0}}},"fnMap":{"0":{"name":"(anonymous_2)","decl":{"start":{"line":17,"column":0},"end":{"line":17,"column":-1}},"loc":{"start":{"line":17,"column":0},"end":{"line":17,"column":-1}}},"1":{"name":"WorkerSiblingPortProvider","decl":{"start":{"line":29,"column":1},"end":{"line":29,"column":0}},"loc":{"start":{"line":29,"column":1},"end":{"line":36,"column":2}}},"2":{"name":"(anonymous_4)","decl":{"start":{"line":38,"column":20},"end":{"line":38,"column":20}},"loc":{"start":{"line":38,"column":67},"end":{"line":38,"column":8}}},"3":{"name":"(anonymous_5)","decl":{"start":{"line":44,"column":18},"end":{"line":44,"column":18}},"loc":{"start":{"line":44,"column":38},"end":{"line":44,"column":8}}},"4":{"name":"(anonymous_6)","decl":{"start":{"line":48,"column":20},"end":{"line":48,"column":19}},"loc":{"start":{"line":48,"column":20},"end":{"line":48,"column":8}}},"5":{"name":"(anonymous_7)","decl":{"start":{"line":52,"column":29},"end":{"line":52,"column":29}},"loc":{"start":{"line":52,"column":76},"end":{"line":52,"column":8}}},"6":{"name":"(anonymous_8)","decl":{"start":{"line":63,"column":27},"end":{"line":63,"column":27}},"loc":{"start":{"line":63,"column":55},"end":{"line":63,"column":8}}},"7":{"name":"(anonymous_9)","decl":{"start":{"line":68,"column":28},"end":{"line":68,"column":27}},"loc":{"start":{"line":68,"column":28},"end":{"line":68,"column":8}}},"8":{"name":"(anonymous_10)","decl":{"start":{"line":72,"column":23},"end":{"line":72,"column":23}},"loc":{"start":{"line":72,"column":77},"end":{"line":72,"column":8}}},"9":{"name":"(anonymous_11)","decl":{"start":{"line":73,"column":55},"end":{"line":73,"column":55}},"loc":{"start":{"line":73,"column":113},"end":{"line":73,"column":30}}},"10":{"name":"(anonymous_12)","decl":{"start":{"line":85,"column":21},"end":{"line":85,"column":21}},"loc":{"start":{"line":85,"column":62},"end":{"line":85,"column":8}}},"11":{"name":"(anonymous_13)","decl":{"start":{"line":91,"column":22},"end":{"line":91,"column":21}},"loc":{"start":{"line":91,"column":22},"end":{"line":91,"column":8}}},"12":{"name":"(anonymous_14)","decl":{"start":{"line":95,"column":27},"end":{"line":95,"column":27}},"loc":{"start":{"line":95,"column":68},"end":{"line":95,"column":9}}},"13":{"name":"(anonymous_15)","decl":{"start":{"line":96,"column":43},"end":{"line":96,"column":43}},"loc":{"start":{"line":96,"column":93},"end":{"line":96,"column":2}}}},"branchMap":{"0":{"loc":{"start":{"line":99,"column":3},"end":{"line":106,"column":4}},"type":"if","locations":[{"start":{"line":99,"column":3},"end":{"line":106,"column":4}},{"start":{"line":99,"column":3},"end":{"line":106,"column":4}}]}},"s":{"0":0,"1":0,"2":0,"3":0,"4":0,"5":0,"6":0,"7":0,"8":0,"9":0,"10":0,"11":0,"12":0,"13":0,"14":0,"15":0,"16":0,"17":0,"18":0,"19":0,"20":0,"21":0,"22":0,"23":0,"24":0,"25":0,"26":0,"27":0,"28":0,"29":0,"30":0,"31":0,"32":0,"33":0,"34":0,"35":0,"36":0,"37":0,"38":0,"39":0,"40":0,"41":0,"42":0,"43":0,"44":0,"45":0,"46":0,"47":0,"48":0,"49":0,"50":0,"51":0,"52":0,"53":0,"54":0,"55":0,"56":0},"f":{"0":0,"1":0,"2":0,"3":0,"4":0,"5":0,"6":0,"7":0,"8":0,"9":0,"10":0,"11":0,"12":0,"13":0},"b":{"0":[0,0]}}
}
